[32m[32minfo[32m[39m:    GET / 200 {} {}
[32m[32minfo[32m[39m:    GET /favicon.ico 404 {} {}
[32m[32minfo[32m[39m:    GET /user 404 {} {}
[32m[32minfo[32m[39m:    GET /users 200 {} {}
[32m[32minfo[32m[39m:    GET / 304 {} {}
[32m[32minfo[32m[39m:    GET / 304 {} {}
[32m[32minfo[32m[39m:    GET / 304 {} {}
[32m[32minfo[32m[39m:    GET / 304 {} {}
[32m[32minfo[32m[39m:    GET / 304 {} {}
[32m[32minfo[32m[39m:    GET / 304 {} {}
[32m[32minfo[32m[39m:    GET / 200 {} {}
[32m[32minfo[32m[39m:    GET / 304 {} {}
[32m[32minfo[32m[39m:    GET / 304 {} {}
[32m[32minfo[32m[39m:    GET / 304 {} {}
[32m[32minfo[32m[39m:    GET / 304 {} {}
[32m[32minfo[32m[39m:    GET / 304 {} {}
[32m[32minfo[32m[39m:    GET / 200 {} {}
[32m[32minfo[32m[39m:    GET / 304 {} {}
[32m[32minfo[32m[39m:    GET / 304 {} {}
[32m[32minfo[32m[39m:    GET / 304 {} {}
[32m[32minfo[32m[39m:    GET / 304 {} {}
[32m[32minfo[32m[39m:    GET / 304 {} {}
[32m[32minfo[32m[39m:    GET / 304 {} {}
[32m[32minfo[32m[39m:    GET /users 200 {} {}
[32m[32minfo[32m[39m:    GET / 304 {} {}
[32m[32minfo[32m[39m:    GET / 304 {} {}
[32m[32minfo[32m[39m:    GET / 304 {} {}
[32m[32minfo[32m[39m:    GET / 200 {} {}
[32m[32minfo[32m[39m:    GET / 304 {} {}
[32m[32minfo[32m[39m:    GET / 304 {} {}
[32m[32minfo[32m[39m:    GET / 304 {} {}
[32m[32minfo[32m[39m:    GET / 304 {} {}
[32m[32minfo[32m[39m:    GET / 304 {} {}
[32m[32minfo[32m[39m:    GET / 304 {} {}
[32m[32minfo[32m[39m:    GET / 304 {} {}
[32m[32minfo[32m[39m:    GET / 304 {} {}
